<?xml version="1.0" encoding="UTF-8"?>
<testng-results ignored="0" total="1" passed="1" failed="0" skipped="0">
  <reporter-output>
  </reporter-output>
  <suite started-at="2024-02-12T20:55:04 EST" name="Default suite" finished-at="2024-02-12T20:55:18 EST" duration-ms="14581">
    <groups>
    </groups>
    <test started-at="2024-02-12T20:55:04 EST" name="Default test" finished-at="2024-02-12T20:55:18 EST" duration-ms="14581">
      <class name="com.testrun.FunctionTest">
        <test-method signature="getWebTable()[pri:0, instance:com.testrun.FunctionTest@614ca7df]" started-at="2024-02-12T20:55:04 EST" name="getWebTable" finished-at="2024-02-12T20:55:18 EST" duration-ms="14466" status="PASS">
          <reporter-output>
          </reporter-output>
        </test-method> <!-- getWebTable -->
      </class> <!-- com.testrun.FunctionTest -->
    </test> <!-- Default test -->
  </suite> <!-- Default suite -->
</testng-results>
