<?xml version="1.0" encoding="UTF-8"?>
<testng-results ignored="0" total="1" passed="1" failed="0" skipped="0">
  <reporter-output>
  </reporter-output>
  <suite started-at="2024-02-12T22:02:09 EST" name="Default suite" finished-at="2024-02-12T22:02:24 EST" duration-ms="14836">
    <groups>
    </groups>
    <test started-at="2024-02-12T22:02:09 EST" name="Default test" finished-at="2024-02-12T22:02:24 EST" duration-ms="14836">
      <class name="com.webtable.PremierLeagaueTable">
        <test-method signature="getDataFromWebTable()[pri:0, instance:com.webtable.PremierLeagaueTable@618425b5]" started-at="2024-02-12T22:02:09 EST" name="getDataFromWebTable" finished-at="2024-02-12T22:02:24 EST" duration-ms="14746" status="PASS">
          <reporter-output>
          </reporter-output>
        </test-method> <!-- getDataFromWebTable -->
      </class> <!-- com.webtable.PremierLeagaueTable -->
    </test> <!-- Default test -->
  </suite> <!-- Default suite -->
</testng-results>
